.justin.tv/archives/2012-11-8/live_user_hyrel3d_1352347257.flv
.justin.tv/archives/2012-11-8/live_user_hyrel3d_1352337959.flv
.justin.tv/archives/2012-11-5/live_user_hyrel3d_1352080942.flv
.justin.tv/archives/2012-11-4/live_user_hyrel3d_1351987321.flv
.justin.tv/archives/2012-10-31/live_user_hyrel3d_1351645202.flv
.justin.tv/archives/2012-10-27/live_user_hyrel3d_1351336678.flv
.justin.tv/archives/2012-10-27/live_user_hyrel3d_1351299854.flv
.justin.tv/archives/2012-10-27/live_user_hyrel3d_1351299795.flv
.justin.tv/archives/2012-10-24/live_user_hyrel3d_1351047637.flv
.justin.tv/archives/2012-11-8/live_user_hyrel3d_1352340056.flv
http://videos.revision3.com/revision3/web/tbhs/0053/tbhs--0053--teenage-text-preventer-part1--hd720p30.h264.mp4
http://videos.revision3.com/revision3/web/tbhs/0052/tbhs--0052--small-xbox-360-laptop--hd720p30.h264.mp4
http://videos.revision3.com/revision3/web/tbhs/0051/tbhs--0051--bionic-sunglasses--hd720p30.h264.mp4
http://videos.revision3.com/revision3/web/tbhs/0050/tbhs--0050--flower-power--hd720p30.h264.mp4
http://videos.revision3.com/revision3/web/tbhs/0049/tbhs--0049--basic-pocket-computer--hd720p30.h264.mp4
http://videos.revision3.com/revision3/web/tbhs/0048/tbhs--0048--hands-free-wheelchair--hd720p30.h264.mp4
http://videos.revision3.com/revision3/web/tbhs/0047/tbhs--0047--camping-mods--hd720p30.h264.mp4
http://videos.revision3.com/revision3/web/tbhs/0046/tbhs--0046--3d-printer-briefcase--hd720p30.h264.mp4
http://videos.revision3.com/revision3/web/tbhs/0045/tbhs--0045--retro-computer--hd720p30.h264.mp4
http://videos.revision3.com/revision3/web/tbhs/0044/tbhs--0044--toilet-illuminator--hd720p30.h264.mp4
